Auto-generate Schedule Debug Log
Date: 2024-12-08 | Nurse ID: 19 | Nurse: Joshua Ramos Billano | Shift: 06:00:00 - 14:00:00
Date: 2024-12-08 | Nurse ID: 18 | Nurse: Dolly Lonto Untal | Shift: 14:00:00 - 22:00:00
Date: 2024-12-08 | Nurse ID: 21 | Nurse: Benedict Negi Zamora Singh | Shift: 22:00:00 - 06:00:00
Date: 2024-12-08 | Nurse ID: 22 | Nurse: Kaori Jash Hirose | Shift: 06:00:00 - 14:00:00
Date: 2024-12-08 | Nurse ID: 20 | Nurse: Benedict Negi Zamora Singh | Shift: 14:00:00 - 22:00:00
Date: 2024-12-08 | Nurse ID: 16 | Nurse: Jules Tamba Detangco | Shift: 22:00:00 - 06:00:00
Date: 2024-12-09 | Nurse ID: 21 | Nurse: Benedict Negi Zamora Singh | Shift: 06:00:00 - 14:00:00
Date: 2024-12-09 | Nurse ID: 18 | Nurse: Dolly Lonto Untal | Shift: 14:00:00 - 22:00:00
Date: 2024-12-09 | Nurse ID: 19 | Nurse: Joshua Ramos Billano | Shift: 22:00:00 - 06:00:00
Date: 2024-12-09 | Nurse ID: 16 | Nurse: Jules Tamba Detangco | Shift: 06:00:00 - 14:00:00
Date: 2024-12-09 | Nurse ID: 20 | Nurse: Benedict Negi Zamora Singh | Shift: 14:00:00 - 22:00:00
Date: 2024-12-09 | Nurse ID: 22 | Nurse: Kaori Jash Hirose | Shift: 22:00:00 - 06:00:00
Date: 2024-12-10 | Nurse ID: 22 | Nurse: Kaori Jash Hirose | Shift: 06:00:00 - 14:00:00
Date: 2024-12-10 | Nurse ID: 16 | Nurse: Jules Tamba Detangco | Shift: 14:00:00 - 22:00:00
Date: 2024-12-10 | Nurse ID: 19 | Nurse: Joshua Ramos Billano | Shift: 22:00:00 - 06:00:00
Date: 2024-12-10 | Nurse ID: 18 | Nurse: Dolly Lonto Untal | Shift: 06:00:00 - 14:00:00
Date: 2024-12-10 | Nurse ID: 21 | Nurse: Benedict Negi Zamora Singh | Shift: 14:00:00 - 22:00:00
Date: 2024-12-10 | Nurse ID: 20 | Nurse: Benedict Negi Zamora Singh | Shift: 22:00:00 - 06:00:00
Date: 2024-12-11 | Nurse ID: 20 | Nurse: Benedict Negi Zamora Singh | Shift: 06:00:00 - 14:00:00
Date: 2024-12-11 | Nurse ID: 18 | Nurse: Dolly Lonto Untal | Shift: 14:00:00 - 22:00:00
Date: 2024-12-11 | Nurse ID: 21 | Nurse: Benedict Negi Zamora Singh | Shift: 22:00:00 - 06:00:00
Date: 2024-12-11 | Nurse ID: 16 | Nurse: Jules Tamba Detangco | Shift: 06:00:00 - 14:00:00
Date: 2024-12-11 | Nurse ID: 19 | Nurse: Joshua Ramos Billano | Shift: 14:00:00 - 22:00:00
Date: 2024-12-11 | Nurse ID: 22 | Nurse: Kaori Jash Hirose | Shift: 22:00:00 - 06:00:00
Date: 2024-12-12 | Nurse ID: 21 | Nurse: Benedict Negi Zamora Singh | Shift: 06:00:00 - 14:00:00
Date: 2024-12-12 | Nurse ID: 18 | Nurse: Dolly Lonto Untal | Shift: 14:00:00 - 22:00:00
Date: 2024-12-12 | Nurse ID: 20 | Nurse: Benedict Negi Zamora Singh | Shift: 22:00:00 - 06:00:00
Date: 2024-12-12 | Nurse ID: 16 | Nurse: Jules Tamba Detangco | Shift: 06:00:00 - 14:00:00
Date: 2024-12-12 | Nurse ID: 19 | Nurse: Joshua Ramos Billano | Shift: 14:00:00 - 22:00:00
Date: 2024-12-12 | Nurse ID: 22 | Nurse: Kaori Jash Hirose | Shift: 22:00:00 - 06:00:00
Date: 2024-12-13 | Nurse ID: 19 | Nurse: Joshua Ramos Billano | Shift: 06:00:00 - 14:00:00
Date: 2024-12-13 | Nurse ID: 16 | Nurse: Jules Tamba Detangco | Shift: 14:00:00 - 22:00:00
Date: 2024-12-13 | Nurse ID: 20 | Nurse: Benedict Negi Zamora Singh | Shift: 22:00:00 - 06:00:00
Date: 2024-12-13 | Nurse ID: 18 | Nurse: Dolly Lonto Untal | Shift: 06:00:00 - 14:00:00
Date: 2024-12-13 | Nurse ID: 22 | Nurse: Kaori Jash Hirose | Shift: 14:00:00 - 22:00:00
Date: 2024-12-13 | Nurse ID: 21 | Nurse: Benedict Negi Zamora Singh | Shift: 22:00:00 - 06:00:00
Date: 2024-12-14 | Nurse ID: 18 | Nurse: Dolly Lonto Untal | Shift: 06:00:00 - 14:00:00
Date: 2024-12-14 | Nurse ID: 19 | Nurse: Joshua Ramos Billano | Shift: 14:00:00 - 22:00:00
Date: 2024-12-14 | Nurse ID: 16 | Nurse: Jules Tamba Detangco | Shift: 22:00:00 - 06:00:00
Date: 2024-12-14 | Nurse ID: 22 | Nurse: Kaori Jash Hirose | Shift: 06:00:00 - 14:00:00
Date: 2024-12-14 | Nurse ID: 20 | Nurse: Benedict Negi Zamora Singh | Shift: 14:00:00 - 22:00:00
Date: 2024-12-14 | Nurse ID: 21 | Nurse: Benedict Negi Zamora Singh | Shift: 22:00:00 - 06:00:00
Auto-generate Schedule Debug Log
Auto-generate Schedule Debug Log
Date: 2024-12-16 | Nurse ID: 1 | Nurse: Russ Solinap Garde | Shift: 06:00:00 - 14:00:00
Date: 2024-12-17 | Nurse ID: 1 | Nurse: Russ Solinap Garde | Shift: 06:00:00 - 14:00:00
Auto-generate Schedule Debug Log
Date: 2024-12-16 | Nurse ID: 4 | Nurse: Anton Cavile Magbanua | Shift: 06:00:00 - 14:00:00
Date: 2024-12-16 | Nurse ID: 3 | Nurse: Elijah Geronimo Faeldonea | Shift: 14:00:00 - 22:00:00
Date: 2024-12-16 | Nurse ID: 2 | Nurse: Romeo Valderama Seva III | Shift: 22:00:00 - 06:00:00
Date: 2024-12-16 | Nurse ID: 5 | Nurse: Armor Perez Espinosa | Shift: 06:00:00 - 14:00:00
Date: 2024-12-17 | Nurse ID: 5 | Nurse: Armor Perez Espinosa | Shift: 06:00:00 - 14:00:00
Date: 2024-12-17 | Nurse ID: 2 | Nurse: Romeo Valderama Seva III | Shift: 14:00:00 - 22:00:00
Date: 2024-12-17 | Nurse ID: 3 | Nurse: Elijah Geronimo Faeldonea | Shift: 22:00:00 - 06:00:00
Date: 2024-12-17 | Nurse ID: 4 | Nurse: Anton Cavile Magbanua | Shift: 06:00:00 - 14:00:00
Auto-generate Schedule Debug Log
Date: 2024-11-15 | Nurse ID: 1 | Nurse: Russ Solinap Garde | Shift: 06:00:00 - 14:00:00
Date: 2024-11-15 | Nurse ID: 2 | Nurse: Romeo Valderama Seva III | Shift: 14:00:00 - 22:00:00
Date: 2024-11-15 | Nurse ID: 3 | Nurse: Elijah Geronimo Faeldonea | Shift: 22:00:00 - 06:00:00
Auto-generate Schedule Debug Log
Auto-generate Schedule Debug Log
Date: 2024-11-18 | Nurse ID: 2 | Nurse: Romeo Valderama Seva III | Shift: 06:00:00 - 14:00:00
Date: 2024-11-18 | Nurse ID: 3 | Nurse: Elijah Geronimo Faeldonea | Shift: 14:00:00 - 22:00:00
Date: 2024-11-18 | Nurse ID: 1 | Nurse: Russ Solinap Garde | Shift: 22:00:00 - 06:00:00
Date: 2024-11-19 | Nurse ID: 1 | Nurse: Russ Solinap Garde | Shift: 06:00:00 - 14:00:00
Date: 2024-11-19 | Nurse ID: 2 | Nurse: Romeo Valderama Seva III | Shift: 14:00:00 - 22:00:00
Date: 2024-11-19 | Nurse ID: 3 | Nurse: Elijah Geronimo Faeldonea | Shift: 22:00:00 - 06:00:00
Date: 2024-11-20 | Nurse ID: 3 | Nurse: Elijah Geronimo Faeldonea | Shift: 06:00:00 - 14:00:00
Date: 2024-11-20 | Nurse ID: 2 | Nurse: Romeo Valderama Seva III | Shift: 14:00:00 - 22:00:00
Auto-generate Schedule Debug Log
Date: 2024-12-18 | Nurse ID: 25 | Nurse: Isaiah Hampton Solidum | Shift: 06:00:00 - 14:00:00
Date: 2024-12-18 | Nurse ID: 23 | Nurse: Shawn Dominic Tardaguela Lizada | Shift: 14:00:00 - 22:00:00
Date: 2024-12-18 | Nurse ID: 27 | Nurse: Geneselma C. Garde | Shift: 22:00:00 - 06:00:00
Date: 2024-12-19 | Nurse ID: 27 | Nurse: Geneselma C. Garde | Shift: 06:00:00 - 14:00:00
Date: 2024-12-19 | Nurse ID: 25 | Nurse: Isaiah Hampton Solidum | Shift: 14:00:00 - 22:00:00
Date: 2024-12-19 | Nurse ID: 23 | Nurse: Shawn Dominic Tardaguela Lizada | Shift: 22:00:00 - 06:00:00
Auto-generate Schedule Debug Log
Date: 2024-12-18 | Nurse ID: 4 | Nurse: Anton Cavile Magbanua | Shift: 06:00:00 - 14:00:00
Date: 2024-12-18 | Nurse ID: 5 | Nurse: Armor Perez Espinosa | Shift: 14:00:00 - 22:00:00
Date: 2024-12-18 | Nurse ID: 3 | Nurse: Elijah Geronimo Faeldonea | Shift: 22:00:00 - 06:00:00
Date: 2024-12-18 | Nurse ID: 1 | Nurse: Russ Solinap Garde | Shift: 06:00:00 - 14:00:00
Date: 2024-12-18 | Nurse ID: 2 | Nurse: Romeo Valderama Seva III | Shift: 14:00:00 - 22:00:00
Date: 2024-12-19 | Nurse ID: 3 | Nurse: Elijah Geronimo Faeldonea | Shift: 06:00:00 - 14:00:00
Date: 2024-12-19 | Nurse ID: 4 | Nurse: Anton Cavile Magbanua | Shift: 14:00:00 - 22:00:00
Date: 2024-12-19 | Nurse ID: 2 | Nurse: Romeo Valderama Seva III | Shift: 22:00:00 - 06:00:00
Date: 2024-12-19 | Nurse ID: 1 | Nurse: Russ Solinap Garde | Shift: 06:00:00 - 14:00:00
Date: 2024-12-19 | Nurse ID: 5 | Nurse: Armor Perez Espinosa | Shift: 14:00:00 - 22:00:00
Auto-generate Schedule Debug Log
Date: 2024-12-01 | Nurse ID: 6 | Nurse: Argian Rivera Cortez | Shift: 06:00:00 - 14:00:00
Date: 2024-12-02 | Nurse ID: 6 | Nurse: Argian Rivera Cortez | Shift: 06:00:00 - 14:00:00
Date: 2024-12-03 | Nurse ID: 6 | Nurse: Argian Rivera Cortez | Shift: 06:00:00 - 14:00:00
Date: 2024-12-04 | Nurse ID: 6 | Nurse: Argian Rivera Cortez | Shift: 06:00:00 - 14:00:00
Date: 2024-12-05 | Nurse ID: 6 | Nurse: Argian Rivera Cortez | Shift: 06:00:00 - 14:00:00
Date: 2024-12-06 | Nurse ID: 6 | Nurse: Argian Rivera Cortez | Shift: 06:00:00 - 14:00:00
Date: 2024-12-07 | Nurse ID: 6 | Nurse: Argian Rivera Cortez | Shift: 06:00:00 - 14:00:00
Auto-generate Schedule Debug Log
Date: 2024-11-01 | Nurse ID: 15 | Nurse: mj c Yong | Shift: 06:00:00 - 14:00:00
Date: 2024-11-02 | Nurse ID: 15 | Nurse: mj c Yong | Shift: 06:00:00 - 14:00:00
Date: 2024-11-03 | Nurse ID: 15 | Nurse: mj c Yong | Shift: 06:00:00 - 14:00:00
Date: 2024-11-04 | Nurse ID: 15 | Nurse: mj c Yong | Shift: 06:00:00 - 14:00:00
Date: 2024-11-05 | Nurse ID: 15 | Nurse: mj c Yong | Shift: 06:00:00 - 14:00:00
Date: 2024-11-06 | Nurse ID: 15 | Nurse: mj c Yong | Shift: 06:00:00 - 14:00:00
Date: 2024-11-07 | Nurse ID: 15 | Nurse: mj c Yong | Shift: 06:00:00 - 14:00:00
Auto-generate Schedule Debug Log
Date: 2024-11-27 | Nurse ID: 13 | Nurse: Jeremy Bando Martirez | Shift: 06:00:00 - 14:00:00
Date: 2024-11-27 | Nurse ID: 35 | Nurse: Ralphosee MN. Cawitas | Shift: 14:00:00 - 22:00:00
Date: 2024-11-28 | Nurse ID: 35 | Nurse: Ralphosee MN. Cawitas | Shift: 06:00:00 - 14:00:00
Date: 2024-11-28 | Nurse ID: 13 | Nurse: Jeremy Bando Martirez | Shift: 14:00:00 - 22:00:00
Date: 2024-11-29 | Nurse ID: 35 | Nurse: Ralphosee MN. Cawitas | Shift: 06:00:00 - 14:00:00
Date: 2024-11-29 | Nurse ID: 13 | Nurse: Jeremy Bando Martirez | Shift: 14:00:00 - 22:00:00
Date: 2024-11-30 | Nurse ID: 13 | Nurse: Jeremy Bando Martirez | Shift: 06:00:00 - 14:00:00
Date: 2024-11-30 | Nurse ID: 35 | Nurse: Ralphosee MN. Cawitas | Shift: 14:00:00 - 22:00:00
Auto-generate Schedule Debug Log
Auto-generate Schedule Debug Log
Date: 2025-02-02 | Nurse ID: 2 | Nurse: Romeos Valderama Seva III | Shift: 06:00:00 - 14:00:00
Date: 2025-02-03 | Nurse ID: 2 | Nurse: Romeos Valderama Seva III | Shift: 06:00:00 - 14:00:00
Date: 2025-02-04 | Nurse ID: 2 | Nurse: Romeos Valderama Seva III | Shift: 06:00:00 - 14:00:00
Date: 2025-02-05 | Nurse ID: 2 | Nurse: Romeos Valderama Seva III | Shift: 06:00:00 - 14:00:00
Date: 2025-02-06 | Nurse ID: 2 | Nurse: Romeos Valderama Seva III | Shift: 06:00:00 - 14:00:00
Date: 2025-02-07 | Nurse ID: 2 | Nurse: Romeos Valderama Seva III | Shift: 06:00:00 - 14:00:00
Date: 2025-02-08 | Nurse ID: 2 | Nurse: Romeos Valderama Seva III | Shift: 06:00:00 - 14:00:00
Auto-generate Schedule Debug Log
Date: 2025-02-23 | Nurse ID: 2 | Nurse: Romeos Valderama Seva III | Shift: 06:00:00 - 14:00:00
Date: 2025-02-24 | Nurse ID: 2 | Nurse: Romeos Valderama Seva III | Shift: 06:00:00 - 14:00:00
Date: 2025-02-25 | Nurse ID: 2 | Nurse: Romeos Valderama Seva III | Shift: 06:00:00 - 14:00:00
Date: 2025-02-26 | Nurse ID: 2 | Nurse: Romeos Valderama Seva III | Shift: 06:00:00 - 14:00:00
Date: 2025-02-27 | Nurse ID: 2 | Nurse: Romeos Valderama Seva III | Shift: 06:00:00 - 14:00:00
Date: 2025-02-28 | Nurse ID: 2 | Nurse: Romeos Valderama Seva III | Shift: 06:00:00 - 14:00:00
Auto-generate Schedule Debug Log
Date: 2024-12-06 | Nurse ID: 2 | Nurse: Romeo V. Seva | Shift: 06:00:00 - 14:00:00
Date: 2024-12-07 | Nurse ID: 2 | Nurse: Romeo V. Seva | Shift: 06:00:00 - 14:00:00
Date: 2024-12-08 | Nurse ID: 2 | Nurse: Romeo V. Seva | Shift: 06:00:00 - 14:00:00
Date: 2024-12-09 | Nurse ID: 2 | Nurse: Romeo V. Seva | Shift: 06:00:00 - 14:00:00
Date: 2024-12-10 | Nurse ID: 2 | Nurse: Romeo V. Seva | Shift: 06:00:00 - 14:00:00
Date: 2024-12-11 | Nurse ID: 2 | Nurse: Romeo V. Seva | Shift: 06:00:00 - 14:00:00
Date: 2024-12-12 | Nurse ID: 2 | Nurse: Romeo V. Seva | Shift: 06:00:00 - 14:00:00
Date: 2024-12-13 | Nurse ID: 2 | Nurse: Romeo V. Seva | Shift: 06:00:00 - 14:00:00
Date: 2024-12-14 | Nurse ID: 2 | Nurse: Romeo V. Seva | Shift: 06:00:00 - 14:00:00
Auto-generate Schedule Debug Log
Date: 2024-12-28 | Nurse ID: 2 | Nurse: Romeo V. Seva | Shift: 06:00:00 - 14:00:00
Date: 2024-12-28 | Nurse ID: 1 | Nurse: Elijah Zachary G. Faeldonea | Shift: 14:00:00 - 22:00:00
Date: 2024-12-28 | Nurse ID: 4 | Nurse: Argian R. Cortez | Shift: 22:00:00 - 06:00:00
Date: 2024-12-28 | Nurse ID: 5 | Nurse: Joshua Cavile Magbanua | Shift: 06:00:00 - 14:00:00
Date: 2024-12-28 | Nurse ID: 3 | Nurse: Russ Allen S. Garde | Shift: 14:00:00 - 22:00:00
Date: 2024-12-29 | Nurse ID: 1 | Nurse: Elijah Zachary G. Faeldonea | Shift: 06:00:00 - 14:00:00
Date: 2024-12-29 | Nurse ID: 4 | Nurse: Argian R. Cortez | Shift: 14:00:00 - 22:00:00
Date: 2024-12-29 | Nurse ID: 3 | Nurse: Russ Allen S. Garde | Shift: 22:00:00 - 06:00:00
Date: 2024-12-29 | Nurse ID: 5 | Nurse: Joshua Cavile Magbanua | Shift: 06:00:00 - 14:00:00
Date: 2024-12-29 | Nurse ID: 2 | Nurse: Romeo V. Seva | Shift: 14:00:00 - 22:00:00
Date: 2024-12-30 | Nurse ID: 1 | Nurse: Elijah Zachary G. Faeldonea | Shift: 06:00:00 - 14:00:00
Date: 2024-12-30 | Nurse ID: 4 | Nurse: Argian R. Cortez | Shift: 14:00:00 - 22:00:00
Date: 2024-12-30 | Nurse ID: 3 | Nurse: Russ Allen S. Garde | Shift: 22:00:00 - 06:00:00
Date: 2024-12-30 | Nurse ID: 2 | Nurse: Romeo V. Seva | Shift: 06:00:00 - 14:00:00
Date: 2024-12-30 | Nurse ID: 5 | Nurse: Joshua Cavile Magbanua | Shift: 14:00:00 - 22:00:00
Date: 2024-12-31 | Nurse ID: 2 | Nurse: Romeo V. Seva | Shift: 06:00:00 - 14:00:00
Date: 2024-12-31 | Nurse ID: 3 | Nurse: Russ Allen S. Garde | Shift: 14:00:00 - 22:00:00
Date: 2024-12-31 | Nurse ID: 4 | Nurse: Argian R. Cortez | Shift: 22:00:00 - 06:00:00
Date: 2024-12-31 | Nurse ID: 5 | Nurse: Joshua Cavile Magbanua | Shift: 06:00:00 - 14:00:00
Date: 2024-12-31 | Nurse ID: 1 | Nurse: Elijah Zachary G. Faeldonea | Shift: 14:00:00 - 22:00:00
Auto-generate Schedule Debug Log
Date: 2025-01-12 | Nurse ID: 5 | Nurse: Joshua Cavile Magbanua | Shift: 06:00:00 - 14:00:00
Date: 2025-01-12 | Nurse ID: 2 | Nurse: Romeo V. Seva | Shift: 14:00:00 - 22:00:00
Date: 2025-01-12 | Nurse ID: 6 | Nurse: Armor P. Espinosa | Shift: 22:00:00 - 06:00:00
Date: 2025-01-12 | Nurse ID: 4 | Nurse: Argian R. Cortez | Shift: 06:00:00 - 14:00:00
Date: 2025-01-12 | Nurse ID: 1 | Nurse: Elijah Zachary G. Faeldonea | Shift: 14:00:00 - 22:00:00
Date: 2025-01-12 | Nurse ID: 7 | Nurse: Kevin RB De la Cruz | Shift: 06:00:00 - 14:00:00
Date: 2025-01-13 | Nurse ID: 7 | Nurse: Kevin RB De la Cruz | Shift: 06:00:00 - 14:00:00
Date: 2025-01-13 | Nurse ID: 4 | Nurse: Argian R. Cortez | Shift: 14:00:00 - 22:00:00
Date: 2025-01-13 | Nurse ID: 6 | Nurse: Armor P. Espinosa | Shift: 22:00:00 - 06:00:00
Date: 2025-01-13 | Nurse ID: 1 | Nurse: Elijah Zachary G. Faeldonea | Shift: 06:00:00 - 14:00:00
Date: 2025-01-13 | Nurse ID: 2 | Nurse: Romeo V. Seva | Shift: 14:00:00 - 22:00:00
Date: 2025-01-13 | Nurse ID: 5 | Nurse: Joshua Cavile Magbanua | Shift: 22:00:00 - 06:00:00
Date: 2025-01-14 | Nurse ID: 4 | Nurse: Argian R. Cortez | Shift: 06:00:00 - 14:00:00
Date: 2025-01-14 | Nurse ID: 2 | Nurse: Romeo V. Seva | Shift: 22:00:00 - 06:00:00
Date: 2025-01-14 | Nurse ID: 7 | Nurse: Kevin RB De la Cruz | Shift: 06:00:00 - 14:00:00
Date: 2025-01-14 | Nurse ID: 1 | Nurse: Elijah Zachary G. Faeldonea | Shift: 14:00:00 - 22:00:00
Date: 2025-01-14 | Nurse ID: 6 | Nurse: Armor P. Espinosa | Shift: 22:00:00 - 06:00:00
Date: 2025-01-14 | Nurse ID: 5 | Nurse: Joshua Cavile Magbanua | Shift: 06:00:00 - 14:00:00
Date: 2025-01-15 | Nurse ID: 6 | Nurse: Armor P. Espinosa | Shift: 06:00:00 - 14:00:00
Date: 2025-01-15 | Nurse ID: 4 | Nurse: Argian R. Cortez | Shift: 22:00:00 - 06:00:00
Date: 2025-01-15 | Nurse ID: 2 | Nurse: Romeo V. Seva | Shift: 06:00:00 - 14:00:00
Date: 2025-01-15 | Nurse ID: 1 | Nurse: Elijah Zachary G. Faeldonea | Shift: 14:00:00 - 22:00:00
Date: 2025-01-15 | Nurse ID: 5 | Nurse: Joshua Cavile Magbanua | Shift: 22:00:00 - 06:00:00
Date: 2025-01-15 | Nurse ID: 7 | Nurse: Kevin RB De la Cruz | Shift: 06:00:00 - 14:00:00
Date: 2025-01-16 | Nurse ID: 6 | Nurse: Armor P. Espinosa | Shift: 14:00:00 - 22:00:00
Date: 2025-01-16 | Nurse ID: 4 | Nurse: Argian R. Cortez | Shift: 22:00:00 - 06:00:00
Date: 2025-01-16 | Nurse ID: 1 | Nurse: Elijah Zachary G. Faeldonea | Shift: 06:00:00 - 14:00:00
Date: 2025-01-16 | Nurse ID: 2 | Nurse: Romeo V. Seva | Shift: 14:00:00 - 22:00:00
Date: 2025-01-16 | Nurse ID: 7 | Nurse: Kevin RB De la Cruz | Shift: 22:00:00 - 06:00:00
Date: 2025-01-16 | Nurse ID: 5 | Nurse: Joshua Cavile Magbanua | Shift: 06:00:00 - 14:00:00
Date: 2025-01-17 | Nurse ID: 2 | Nurse: Romeo V. Seva | Shift: 06:00:00 - 14:00:00
Date: 2025-01-17 | Nurse ID: 5 | Nurse: Joshua Cavile Magbanua | Shift: 14:00:00 - 22:00:00
Date: 2025-01-17 | Nurse ID: 7 | Nurse: Kevin RB De la Cruz | Shift: 22:00:00 - 06:00:00
Date: 2025-01-17 | Nurse ID: 1 | Nurse: Elijah Zachary G. Faeldonea | Shift: 14:00:00 - 22:00:00
Date: 2025-01-17 | Nurse ID: 4 | Nurse: Argian R. Cortez | Shift: 22:00:00 - 06:00:00
Date: 2025-01-17 | Nurse ID: 6 | Nurse: Armor P. Espinosa | Shift: 06:00:00 - 14:00:00
Date: 2025-01-18 | Nurse ID: 7 | Nurse: Kevin RB De la Cruz | Shift: 06:00:00 - 14:00:00
Date: 2025-01-18 | Nurse ID: 5 | Nurse: Joshua Cavile Magbanua | Shift: 14:00:00 - 22:00:00
Date: 2025-01-18 | Nurse ID: 4 | Nurse: Argian R. Cortez | Shift: 22:00:00 - 06:00:00
Date: 2025-01-18 | Nurse ID: 1 | Nurse: Elijah Zachary G. Faeldonea | Shift: 06:00:00 - 14:00:00
Date: 2025-01-18 | Nurse ID: 6 | Nurse: Armor P. Espinosa | Shift: 22:00:00 - 06:00:00
Date: 2025-01-18 | Nurse ID: 2 | Nurse: Romeo V. Seva | Shift: 06:00:00 - 14:00:00
Auto-generate Schedule Debug Log
Date: 2025-02-11 | Nurse ID: 1 | Nurse: Elijah Zachary G. Faeldonea | Shift: 06:00:00 - 14:00:00
Date: 2025-02-12 | Nurse ID: 1 | Nurse: Elijah Zachary G. Faeldonea | Shift: 06:00:00 - 14:00:00
Auto-generate Schedule Debug Log
Date: 2025-03-02 | Nurse ID: 12 | Nurse: JM A Aposaga | Shift: 06:00:00 - 14:00:00
Date: 2025-03-03 | Nurse ID: 12 | Nurse: JM A Aposaga | Shift: 06:00:00 - 14:00:00
Date: 2025-03-04 | Nurse ID: 12 | Nurse: JM A Aposaga | Shift: 06:00:00 - 14:00:00
Date: 2025-03-05 | Nurse ID: 12 | Nurse: JM A Aposaga | Shift: 06:00:00 - 14:00:00
Date: 2025-03-06 | Nurse ID: 12 | Nurse: JM A Aposaga | Shift: 06:00:00 - 14:00:00
Date: 2025-03-07 | Nurse ID: 12 | Nurse: JM A Aposaga | Shift: 06:00:00 - 14:00:00
